# JRE version: OpenJDK Runtime Environment (21.0.3) (build 21.0.3+-12282718-b509.11)
# Java VM: OpenJDK 64-Bit Server VM (21.0.3+-12282718-b509.11, mixed mode, tiered, compressed oops, compressed class ptrs, g1 gc, windows-amd64)
GC Precious Log:
 CardTable entry size: 512
 Card Set container configuration: InlinePtr #cards 5 size 8 Array Of Cards #cards 12 size 40 Howl #buckets 4 coarsen threshold 1843 Howl Bitmap #cards 512 size 80 coarsen threshold 460 Card regions per heap region 1 cards per card region 2048
 CPUs: 8 total, 8 available
 Memory: 16236M
 Large Page Support: Disabled
 NUMA Support: Disabled
 Compressed Oops: Enabled (32-bit)
 Heap Region Size: 1M
 Heap Min Capacity: 8M
 Heap Initial Capacity: 254M
 Heap Max Capacity: 2G
 Pre-touch: Disabled
 Parallel Workers: 8
 Concurrent Workers: 2
 Concurrent Refinement Workers: 8
 Periodic GC: Disabled
Heap:
 garbage-first heap   total 190464K, used 96793K [0x0000000080000000, 0x0000000100000000)
  region size 1024K, 5 young (5120K), 5 survivors (5120K)
 Metaspace       used 98533K, committed 100480K, reserved 1179648K
  class space    used 13650K, committed 14656K, reserved 1048576K
GC Heap History (20 events):
Event: 10.094 GC heap after
{Heap after GC invocations=23 (full 0):
 garbage-first heap   total 135168K, used 52862K [0x0000000080000000, 0x0000000100000000)
  region size 1024K, 4 young (4096K), 4 survivors (4096K)
 Metaspace       used 66524K, committed 68160K, reserved 1114112K
  class space    used 9130K, committed 9920K, reserved 1048576K
}
Event: 10.950 GC heap before
{Heap before GC invocations=24 (full 0):
 garbage-first heap   total 135168K, used 123518K [0x0000000080000000, 0x0000000100000000)
  region size 1024K, 61 young (62464K), 4 survivors (4096K)
 Metaspace       used 70794K, committed 72448K, reserved 1114112K
  class space    used 9692K, committed 10496K, reserved 1048576K
}
Event: 10.955 GC heap after
{Heap after GC invocations=25 (full 0):
 garbage-first heap   total 137216K, used 72924K [0x0000000080000000, 0x0000000100000000)
  region size 1024K, 8 young (8192K), 8 survivors (8192K)
 Metaspace       used 70794K, committed 72448K, reserved 1114112K
  class space    used 9692K, committed 10496K, reserved 1048576K
}
Event: 11.567 GC heap before
{Heap before GC invocations=25 (full 0):
 garbage-first heap   total 137216K, used 117980K [0x0000000080000000, 0x0000000100000000)
  region size 1024K, 53 young (54272K), 8 survivors (8192K)
 Metaspace       used 75690K, committed 77440K, reserved 1179648K
  class space    used 10348K, committed 11200K, reserved 1048576K
}
Event: 11.573 GC heap after
{Heap after GC invocations=26 (full 0):
 garbage-first heap   total 137216K, used 74594K [0x0000000080000000, 0x0000000100000000)
  region size 1024K, 3 young (3072K), 3 survivors (3072K)
 Metaspace       used 75690K, committed 77440K, reserved 1179648K
  class space    used 10348K, committed 11200K, reserved 1048576K
}
Event: 11.724 GC heap before
{Heap before GC invocations=26 (full 0):
 garbage-first heap   total 137216K, used 77666K [0x0000000080000000, 0x0000000100000000)
  region size 1024K, 7 young (7168K), 3 survivors (3072K)
 Metaspace       used 76890K, committed 78592K, reserved 1179648K
  class space    used 10475K, committed 11328K, reserved 1048576K
}
Event: 11.727 GC heap after
{Heap after GC invocations=27 (full 0):
 garbage-first heap   total 137216K, used 75110K [0x0000000080000000, 0x0000000100000000)
  region size 1024K, 3 young (3072K), 3 survivors (3072K)
 Metaspace       used 76890K, committed 78592K, reserved 1179648K
  class space    used 10475K, committed 11328K, reserved 1048576K
}
Event: 12.308 GC heap before
{Heap before GC invocations=28 (full 0):
 garbage-first heap   total 150528K, used 126310K [0x0000000080000000, 0x0000000100000000)
  region size 1024K, 48 young (49152K), 3 survivors (3072K)
 Metaspace       used 79473K, committed 81280K, reserved 1179648K
  class space    used 10832K, committed 11712K, reserved 1048576K
}
Event: 12.313 GC heap after
{Heap after GC invocations=29 (full 0):
 garbage-first heap   total 150528K, used 79854K [0x0000000080000000, 0x0000000100000000)
  region size 1024K, 6 young (6144K), 6 survivors (6144K)
 Metaspace       used 79473K, committed 81280K, reserved 1179648K
  class space    used 10832K, committed 11712K, reserved 1048576K
}
Event: 13.128 GC heap before
{Heap before GC invocations=29 (full 0):
 garbage-first heap   total 150528K, used 130030K [0x0000000080000000, 0x0000000100000000)
  region size 1024K, 55 young (56320K), 6 survivors (6144K)
 Metaspace       used 84593K, committed 86464K, reserved 1179648K
  class space    used 11496K, committed 12416K, reserved 1048576K
}
Event: 13.137 GC heap after
{Heap after GC invocations=30 (full 0):
 garbage-first heap   total 150528K, used 82307K [0x0000000080000000, 0x0000000100000000)
  region size 1024K, 3 young (3072K), 3 survivors (3072K)
 Metaspace       used 84593K, committed 86464K, reserved 1179648K
  class space    used 11496K, committed 12416K, reserved 1048576K
}
Event: 13.546 GC heap before
{Heap before GC invocations=30 (full 0):
 garbage-first heap   total 150528K, used 114051K [0x0000000080000000, 0x0000000100000000)
  region size 1024K, 35 young (35840K), 3 survivors (3072K)
 Metaspace       used 87055K, committed 88960K, reserved 1179648K
  class space    used 11824K, committed 12800K, reserved 1048576K
}
Event: 13.550 GC heap after
{Heap after GC invocations=31 (full 0):
 garbage-first heap   total 150528K, used 83135K [0x0000000080000000, 0x0000000100000000)
  region size 1024K, 4 young (4096K), 4 survivors (4096K)
 Metaspace       used 87055K, committed 88960K, reserved 1179648K
  class space    used 11824K, committed 12800K, reserved 1048576K
}
Event: 14.160 GC heap before
{Heap before GC invocations=32 (full 0):
 garbage-first heap   total 153600K, used 137407K [0x0000000080000000, 0x0000000100000000)
  region size 1024K, 54 young (55296K), 4 survivors (4096K)
 Metaspace       used 88488K, committed 90368K, reserved 1179648K
  class space    used 12033K, committed 12992K, reserved 1048576K
}
Event: 14.166 GC heap after
{Heap after GC invocations=33 (full 0):
 garbage-first heap   total 153600K, used 90654K [0x0000000080000000, 0x0000000100000000)
  region size 1024K, 7 young (7168K), 7 survivors (7168K)
 Metaspace       used 88488K, committed 90368K, reserved 1179648K
  class space    used 12033K, committed 12992K, reserved 1048576K
}
Event: 14.795 GC heap before
{Heap before GC invocations=33 (full 0):
 garbage-first heap   total 153600K, used 137758K [0x0000000080000000, 0x0000000100000000)
  region size 1024K, 53 young (54272K), 7 survivors (7168K)
 Metaspace       used 92064K, committed 93952K, reserved 1179648K
  class space    used 12530K, committed 13504K, reserved 1048576K
}
Event: 14.803 GC heap after
{Heap after GC invocations=34 (full 0):
 garbage-first heap   total 153600K, used 92971K [0x0000000080000000, 0x0000000100000000)
  region size 1024K, 3 young (3072K), 3 survivors (3072K)
 Metaspace       used 92064K, committed 93952K, reserved 1179648K
  class space    used 12530K, committed 13504K, reserved 1048576K
}
Event: 15.428 GC heap before
{Heap before GC invocations=34 (full 0):
 garbage-first heap   total 153600K, used 140075K [0x0000000080000000, 0x0000000100000000)
  region size 1024K, 49 young (50176K), 3 survivors (3072K)
 Metaspace       used 95913K, committed 97920K, reserved 1179648K
  class space    used 13214K, committed 14208K, reserved 1048576K
}
Event: 15.432 GC heap after
{Heap after GC invocations=35 (full 0):
 garbage-first heap   total 153600K, used 94103K [0x0000000080000000, 0x0000000100000000)
  region size 1024K, 4 young (4096K), 4 survivors (4096K)
 Metaspace       used 95913K, committed 97920K, reserved 1179648K
  class space    used 13214K, committed 14208K, reserved 1048576K
}
Event: 16.124 GC heap before
{Heap before GC invocations=36 (full 0):
 garbage-first heap   total 167936K, used 139159K [0x0000000080000000, 0x0000000100000000)
  region size 1024K, 48 young (49152K), 4 survivors (4096K)
 Metaspace       used 98533K, committed 100480K, reserved 1179648K
  class space    used 13650K, committed 14656K, reserved 1048576K
}

