# JRE version: OpenJDK Runtime Environment (21.0.3) (build 21.0.3+-12282718-b509.11)
# Java VM: OpenJDK 64-Bit Server VM (21.0.3+-12282718-b509.11, mixed mode, tiered, compressed oops, compressed class ptrs, g1 gc, windows-amd64)
GC Precious Log:
 CardTable entry size: 512
 Card Set container configuration: InlinePtr #cards 5 size 8 Array Of Cards #cards 12 size 40 Howl #buckets 4 coarsen threshold 1843 Howl Bitmap #cards 512 size 80 coarsen threshold 460 Card regions per heap region 1 cards per card region 2048
 CPUs: 8 total, 8 available
 Memory: 16236M
 Large Page Support: Disabled
 NUMA Support: Disabled
 Compressed Oops: Enabled (32-bit)
 Heap Region Size: 1M
 Heap Min Capacity: 8M
 Heap Initial Capacity: 254M
 Heap Max Capacity: 2G
 Pre-touch: Disabled
 Parallel Workers: 8
 Concurrent Workers: 2
 Concurrent Refinement Workers: 8
 Periodic GC: Disabled
Heap:
 garbage-first heap   total 211968K, used 129024K [0x0000000080000000, 0x0000000100000000)
  region size 1024K, 16 young (16384K), 7 survivors (7168K)
 Metaspace       used 119675K, committed 121792K, reserved 1179648K
  class space    used 16564K, committed 17600K, reserved 1048576K
GC Heap History (20 events):
Event: 18.113 GC heap before
{Heap before GC invocations=32 (full 0):
 garbage-first heap   total 147456K, used 134849K [0x0000000080000000, 0x0000000100000000)
  region size 1024K, 49 young (50176K), 4 survivors (4096K)
 Metaspace       used 94300K, committed 96128K, reserved 1179648K
  class space    used 12775K, committed 13696K, reserved 1048576K
}
Event: 18.120 GC heap after
{Heap after GC invocations=33 (full 0):
 garbage-first heap   total 147456K, used 91842K [0x0000000080000000, 0x0000000100000000)
  region size 1024K, 7 young (7168K), 7 survivors (7168K)
 Metaspace       used 94300K, committed 96128K, reserved 1179648K
  class space    used 12775K, committed 13696K, reserved 1048576K
}
Event: 18.560 GC heap before
{Heap before GC invocations=33 (full 0):
 garbage-first heap   total 147456K, used 122562K [0x0000000080000000, 0x0000000100000000)
  region size 1024K, 38 young (38912K), 7 survivors (7168K)
 Metaspace       used 96652K, committed 98496K, reserved 1179648K
  class space    used 13100K, committed 14016K, reserved 1048576K
}
Event: 18.566 GC heap after
{Heap after GC invocations=34 (full 0):
 garbage-first heap   total 147456K, used 94352K [0x0000000080000000, 0x0000000100000000)
  region size 1024K, 3 young (3072K), 3 survivors (3072K)
 Metaspace       used 96652K, committed 98496K, reserved 1179648K
  class space    used 13100K, committed 14016K, reserved 1048576K
}
Event: 19.175 GC heap before
{Heap before GC invocations=35 (full 0):
 garbage-first heap   total 168960K, used 135312K [0x0000000080000000, 0x0000000100000000)
  region size 1024K, 42 young (43008K), 3 survivors (3072K)
 Metaspace       used 99817K, committed 101760K, reserved 1179648K
  class space    used 13679K, committed 14656K, reserved 1048576K
}
Event: 19.178 GC heap after
{Heap after GC invocations=36 (full 0):
 garbage-first heap   total 168960K, used 95104K [0x0000000080000000, 0x0000000100000000)
  region size 1024K, 3 young (3072K), 3 survivors (3072K)
 Metaspace       used 99817K, committed 101760K, reserved 1179648K
  class space    used 13679K, committed 14656K, reserved 1048576K
}
Event: 20.081 GC heap before
{Heap before GC invocations=36 (full 0):
 garbage-first heap   total 168960K, used 156544K [0x0000000080000000, 0x0000000100000000)
  region size 1024K, 63 young (64512K), 3 survivors (3072K)
 Metaspace       used 104126K, committed 106112K, reserved 1179648K
  class space    used 14325K, committed 15296K, reserved 1048576K
}
Event: 20.088 GC heap after
{Heap after GC invocations=37 (full 0):
 garbage-first heap   total 168960K, used 96332K [0x0000000080000000, 0x0000000100000000)
  region size 1024K, 6 young (6144K), 6 survivors (6144K)
 Metaspace       used 104126K, committed 106112K, reserved 1179648K
  class space    used 14325K, committed 15296K, reserved 1048576K
}
Event: 20.942 GC heap before
{Heap before GC invocations=37 (full 0):
 garbage-first heap   total 168960K, used 152652K [0x0000000080000000, 0x0000000100000000)
  region size 1024K, 61 young (62464K), 6 survivors (6144K)
 Metaspace       used 108676K, committed 110720K, reserved 1179648K
  class space    used 15001K, committed 16000K, reserved 1048576K
}
Event: 20.948 GC heap after
{Heap after GC invocations=38 (full 0):
 garbage-first heap   total 168960K, used 99707K [0x0000000080000000, 0x0000000100000000)
  region size 1024K, 7 young (7168K), 7 survivors (7168K)
 Metaspace       used 108676K, committed 110720K, reserved 1179648K
  class space    used 15001K, committed 16000K, reserved 1048576K
}
Event: 21.755 GC heap before
{Heap before GC invocations=39 (full 0):
 garbage-first heap   total 176128K, used 150907K [0x0000000080000000, 0x0000000100000000)
  region size 1024K, 57 young (58368K), 7 survivors (7168K)
 Metaspace       used 112496K, committed 114560K, reserved 1179648K
  class space    used 15531K, committed 16576K, reserved 1048576K
}
Event: 21.762 GC heap after
{Heap after GC invocations=40 (full 0):
 garbage-first heap   total 176128K, used 103360K [0x0000000080000000, 0x0000000100000000)
  region size 1024K, 7 young (7168K), 7 survivors (7168K)
 Metaspace       used 112496K, committed 114560K, reserved 1179648K
  class space    used 15531K, committed 16576K, reserved 1048576K
}
Event: 22.702 GC heap before
{Heap before GC invocations=40 (full 0):
 garbage-first heap   total 176128K, used 157632K [0x0000000080000000, 0x0000000100000000)
  region size 1024K, 60 young (61440K), 7 survivors (7168K)
 Metaspace       used 115261K, committed 117312K, reserved 1179648K
  class space    used 15936K, committed 16960K, reserved 1048576K
}
Event: 22.717 GC heap after
{Heap after GC invocations=41 (full 0):
 garbage-first heap   total 176128K, used 109916K [0x0000000080000000, 0x0000000100000000)
  region size 1024K, 8 young (8192K), 8 survivors (8192K)
 Metaspace       used 115261K, committed 117312K, reserved 1179648K
  class space    used 15936K, committed 16960K, reserved 1048576K
}
Event: 23.048 GC heap before
{Heap before GC invocations=41 (full 0):
 garbage-first heap   total 176128K, used 157020K [0x0000000080000000, 0x0000000100000000)
  region size 1024K, 54 young (55296K), 8 survivors (8192K)
 Metaspace       used 115571K, committed 117696K, reserved 1179648K
  class space    used 16002K, committed 17024K, reserved 1048576K
}
Event: 23.060 GC heap after
{Heap after GC invocations=42 (full 0):
 garbage-first heap   total 211968K, used 113871K [0x0000000080000000, 0x0000000100000000)
  region size 1024K, 4 young (4096K), 4 survivors (4096K)
 Metaspace       used 115571K, committed 117696K, reserved 1179648K
  class space    used 16002K, committed 17024K, reserved 1048576K
}
Event: 24.276 GC heap before
{Heap before GC invocations=43 (full 0):
 garbage-first heap   total 211968K, used 192719K [0x0000000080000000, 0x0000000100000000)
  region size 1024K, 82 young (83968K), 4 survivors (4096K)
 Metaspace       used 116156K, committed 118336K, reserved 1179648K
  class space    used 16078K, committed 17152K, reserved 1048576K
}
Event: 24.282 GC heap after
{Heap after GC invocations=44 (full 0):
 garbage-first heap   total 211968K, used 117885K [0x0000000080000000, 0x0000000100000000)
  region size 1024K, 8 young (8192K), 8 survivors (8192K)
 Metaspace       used 116156K, committed 118336K, reserved 1179648K
  class space    used 16078K, committed 17152K, reserved 1048576K
}
Event: 25.280 GC heap before
{Heap before GC invocations=44 (full 0):
 garbage-first heap   total 211968K, used 190589K [0x0000000080000000, 0x0000000100000000)
  region size 1024K, 80 young (81920K), 8 survivors (8192K)
 Metaspace       used 119669K, committed 121792K, reserved 1179648K
  class space    used 16564K, committed 17600K, reserved 1048576K
}
Event: 25.294 GC heap after
{Heap after GC invocations=45 (full 0):
 garbage-first heap   total 211968K, used 120832K [0x0000000080000000, 0x0000000100000000)
  region size 1024K, 7 young (7168K), 7 survivors (7168K)
 Metaspace       used 119669K, committed 121792K, reserved 1179648K
  class space    used 16564K, committed 17600K, reserved 1048576K
}

