# JRE version: OpenJDK Runtime Environment (21.0.3) (build 21.0.3+-12282718-b509.11)
# Java VM: OpenJDK 64-Bit Server VM (21.0.3+-12282718-b509.11, mixed mode, tiered, compressed oops, compressed class ptrs, g1 gc, windows-amd64)
GC Precious Log:
 CardTable entry size: 512
 Card Set container configuration: InlinePtr #cards 5 size 8 Array Of Cards #cards 12 size 40 Howl #buckets 4 coarsen threshold 1843 Howl Bitmap #cards 512 size 80 coarsen threshold 460 Card regions per heap region 1 cards per card region 2048
 CPUs: 8 total, 8 available
 Memory: 16236M
 Large Page Support: Disabled
 NUMA Support: Disabled
 Compressed Oops: Enabled (32-bit)
 Heap Region Size: 1M
 Heap Min Capacity: 8M
 Heap Initial Capacity: 254M
 Heap Max Capacity: 2G
 Pre-touch: Disabled
 Parallel Workers: 8
 Concurrent Workers: 2
 Concurrent Refinement Workers: 8
 Periodic GC: Disabled
Heap:
 garbage-first heap   total 196608K, used 149636K [0x0000000080000000, 0x0000000100000000)
  region size 1024K, 43 young (44032K), 6 survivors (6144K)
 Metaspace       used 110552K, committed 112704K, reserved 1179648K
  class space    used 15358K, committed 16448K, reserved 1048576K
GC Heap History (20 events):
Event: 12.242 GC heap before
{Heap before GC invocations=23 (full 0):
 garbage-first heap   total 128000K, used 114442K [0x0000000080000000, 0x0000000100000000)
  region size 1024K, 41 young (41984K), 5 survivors (5120K)
 Metaspace       used 80627K, committed 82432K, reserved 1179648K
  class space    used 10960K, committed 11840K, reserved 1048576K
}
Event: 12.248 GC heap after
{Heap after GC invocations=24 (full 0):
 garbage-first heap   total 153600K, used 79587K [0x0000000080000000, 0x0000000100000000)
  region size 1024K, 3 young (3072K), 3 survivors (3072K)
 Metaspace       used 80627K, committed 82432K, reserved 1179648K
  class space    used 10960K, committed 11840K, reserved 1048576K
}
Event: 13.254 GC heap before
{Heap before GC invocations=24 (full 0):
 garbage-first heap   total 153600K, used 138979K [0x0000000080000000, 0x0000000100000000)
  region size 1024K, 61 young (62464K), 3 survivors (3072K)
 Metaspace       used 86485K, committed 88384K, reserved 1179648K
  class space    used 11734K, committed 12672K, reserved 1048576K
}
Event: 13.259 GC heap after
{Heap after GC invocations=25 (full 0):
 garbage-first heap   total 153600K, used 81645K [0x0000000080000000, 0x0000000100000000)
  region size 1024K, 5 young (5120K), 5 survivors (5120K)
 Metaspace       used 86485K, committed 88384K, reserved 1179648K
  class space    used 11734K, committed 12672K, reserved 1048576K
}
Event: 13.918 GC heap before
{Heap before GC invocations=26 (full 0):
 garbage-first heap   total 153600K, used 142061K [0x0000000080000000, 0x0000000100000000)
  region size 1024K, 61 young (62464K), 5 survivors (5120K)
 Metaspace       used 88331K, committed 90176K, reserved 1179648K
  class space    used 12010K, committed 12928K, reserved 1048576K
}
Event: 13.925 GC heap after
{Heap after GC invocations=27 (full 0):
 garbage-first heap   total 153600K, used 90317K [0x0000000080000000, 0x0000000100000000)
  region size 1024K, 8 young (8192K), 8 survivors (8192K)
 Metaspace       used 88331K, committed 90176K, reserved 1179648K
  class space    used 12010K, committed 12928K, reserved 1048576K
}
Event: 14.556 GC heap before
{Heap before GC invocations=27 (full 0):
 garbage-first heap   total 153600K, used 136397K [0x0000000080000000, 0x0000000100000000)
  region size 1024K, 53 young (54272K), 8 survivors (8192K)
 Metaspace       used 91851K, committed 93824K, reserved 1179648K
  class space    used 12497K, committed 13504K, reserved 1048576K
}
Event: 14.564 GC heap after
{Heap after GC invocations=28 (full 0):
 garbage-first heap   total 153600K, used 91416K [0x0000000080000000, 0x0000000100000000)
  region size 1024K, 3 young (3072K), 3 survivors (3072K)
 Metaspace       used 91851K, committed 93824K, reserved 1179648K
  class space    used 12497K, committed 13504K, reserved 1048576K
}
Event: 15.345 GC heap before
{Heap before GC invocations=28 (full 0):
 garbage-first heap   total 153600K, used 141592K [0x0000000080000000, 0x0000000100000000)
  region size 1024K, 52 young (53248K), 3 survivors (3072K)
 Metaspace       used 95934K, committed 97856K, reserved 1179648K
  class space    used 13212K, committed 14208K, reserved 1048576K
}
Event: 15.351 GC heap after
{Heap after GC invocations=29 (full 0):
 garbage-first heap   total 153600K, used 92849K [0x0000000080000000, 0x0000000100000000)
  region size 1024K, 4 young (4096K), 4 survivors (4096K)
 Metaspace       used 95934K, committed 97856K, reserved 1179648K
  class space    used 13212K, committed 14208K, reserved 1048576K
}
Event: 16.148 GC heap before
{Heap before GC invocations=30 (full 0):
 garbage-first heap   total 163840K, used 140977K [0x0000000080000000, 0x0000000100000000)
  region size 1024K, 51 young (52224K), 4 survivors (4096K)
 Metaspace       used 98852K, committed 100864K, reserved 1179648K
  class space    used 13668K, committed 14720K, reserved 1048576K
}
Event: 16.158 GC heap after
{Heap after GC invocations=31 (full 0):
 garbage-first heap   total 163840K, used 96014K [0x0000000080000000, 0x0000000100000000)
  region size 1024K, 7 young (7168K), 7 survivors (7168K)
 Metaspace       used 98852K, committed 100864K, reserved 1179648K
  class space    used 13668K, committed 14720K, reserved 1048576K
}
Event: 16.983 GC heap before
{Heap before GC invocations=31 (full 0):
 garbage-first heap   total 163840K, used 148238K [0x0000000080000000, 0x0000000100000000)
  region size 1024K, 58 young (59392K), 7 survivors (7168K)
 Metaspace       used 103098K, committed 105152K, reserved 1179648K
  class space    used 14336K, committed 15360K, reserved 1048576K
}
Event: 16.997 GC heap after
{Heap after GC invocations=32 (full 0):
 garbage-first heap   total 163840K, used 97244K [0x0000000080000000, 0x0000000100000000)
  region size 1024K, 6 young (6144K), 6 survivors (6144K)
 Metaspace       used 103098K, committed 105152K, reserved 1179648K
  class space    used 14336K, committed 15360K, reserved 1048576K
}
Event: 17.758 GC heap before
{Heap before GC invocations=32 (full 0):
 garbage-first heap   total 163840K, used 148444K [0x0000000080000000, 0x0000000100000000)
  region size 1024K, 56 young (57344K), 6 survivors (6144K)
 Metaspace       used 107169K, committed 109184K, reserved 1179648K
  class space    used 14849K, committed 15872K, reserved 1048576K
}
Event: 17.768 GC heap after
{Heap after GC invocations=33 (full 0):
 garbage-first heap   total 196608K, used 101332K [0x0000000080000000, 0x0000000100000000)
  region size 1024K, 7 young (7168K), 7 survivors (7168K)
 Metaspace       used 107169K, committed 109184K, reserved 1179648K
  class space    used 14849K, committed 15872K, reserved 1048576K
}
Event: 18.657 GC heap before
{Heap before GC invocations=34 (full 0):
 garbage-first heap   total 196608K, used 176084K [0x0000000080000000, 0x0000000100000000)
  region size 1024K, 81 young (82944K), 7 survivors (7168K)
 Metaspace       used 109697K, committed 111808K, reserved 1179648K
  class space    used 15223K, committed 16256K, reserved 1048576K
}
Event: 18.673 GC heap after
{Heap after GC invocations=35 (full 0):
 garbage-first heap   total 196608K, used 108977K [0x0000000080000000, 0x0000000100000000)
  region size 1024K, 11 young (11264K), 11 survivors (11264K)
 Metaspace       used 109697K, committed 111808K, reserved 1179648K
  class space    used 15223K, committed 16256K, reserved 1048576K
}
Event: 19.157 GC heap before
{Heap before GC invocations=35 (full 0):
 garbage-first heap   total 196608K, used 173489K [0x0000000080000000, 0x0000000100000000)
  region size 1024K, 74 young (75776K), 11 survivors (11264K)
 Metaspace       used 110311K, committed 112384K, reserved 1179648K
  class space    used 15333K, committed 16384K, reserved 1048576K
}
Event: 19.171 GC heap after
{Heap after GC invocations=36 (full 0):
 garbage-first heap   total 196608K, used 112772K [0x0000000080000000, 0x0000000100000000)
  region size 1024K, 6 young (6144K), 6 survivors (6144K)
 Metaspace       used 110311K, committed 112384K, reserved 1179648K
  class space    used 15333K, committed 16384K, reserved 1048576K
}

