# JRE version: OpenJDK Runtime Environment (21.0.3) (build 21.0.3+-12282718-b509.11)
# Java VM: OpenJDK 64-Bit Server VM (21.0.3+-12282718-b509.11, mixed mode, tiered, compressed oops, compressed class ptrs, g1 gc, windows-amd64)
GC Precious Log:
 CardTable entry size: 512
 Card Set container configuration: InlinePtr #cards 5 size 8 Array Of Cards #cards 12 size 40 Howl #buckets 4 coarsen threshold 1843 Howl Bitmap #cards 512 size 80 coarsen threshold 460 Card regions per heap region 1 cards per card region 2048
 CPUs: 8 total, 8 available
 Memory: 16236M
 Large Page Support: Disabled
 NUMA Support: Disabled
 Compressed Oops: Enabled (32-bit)
 Heap Region Size: 1M
 Heap Min Capacity: 8M
 Heap Initial Capacity: 254M
 Heap Max Capacity: 2G
 Pre-touch: Disabled
 Parallel Workers: 8
 Concurrent Workers: 2
 Concurrent Refinement Workers: 8
 Periodic GC: Disabled
Heap:
 garbage-first heap   total 181248K, used 113951K [0x0000000080000000, 0x0000000100000000)
  region size 1024K, 16 young (16384K), 9 survivors (9216K)
 Metaspace       used 109836K, committed 112064K, reserved 1179648K
  class space    used 15247K, committed 16384K, reserved 1048576K
GC Heap History (20 events):
Event: 11.490 GC heap before
{Heap before GC invocations=25 (full 0):
 garbage-first heap   total 126976K, used 73310K [0x0000000080000000, 0x0000000100000000)
  region size 1024K, 5 young (5120K), 4 survivors (4096K)
 Metaspace       used 76885K, committed 78720K, reserved 1179648K
  class space    used 10481K, committed 11392K, reserved 1048576K
}
Event: 11.494 GC heap after
{Heap after GC invocations=26 (full 0):
 garbage-first heap   total 126976K, used 74121K [0x0000000080000000, 0x0000000100000000)
  region size 1024K, 3 young (3072K), 3 survivors (3072K)
 Metaspace       used 76885K, committed 78720K, reserved 1179648K
  class space    used 10481K, committed 11392K, reserved 1048576K
}
Event: 11.840 GC heap before
{Heap before GC invocations=27 (full 0):
 garbage-first heap   total 150528K, used 105865K [0x0000000080000000, 0x0000000100000000)
  region size 1024K, 30 young (30720K), 3 survivors (3072K)
 Metaspace       used 78195K, committed 80064K, reserved 1179648K
  class space    used 10665K, committed 11584K, reserved 1048576K
}
Event: 11.846 GC heap after
{Heap after GC invocations=28 (full 0):
 garbage-first heap   total 150528K, used 78152K [0x0000000080000000, 0x0000000100000000)
  region size 1024K, 4 young (4096K), 4 survivors (4096K)
 Metaspace       used 78195K, committed 80064K, reserved 1179648K
  class space    used 10665K, committed 11584K, reserved 1048576K
}
Event: 12.421 GC heap before
{Heap before GC invocations=28 (full 0):
 garbage-first heap   total 150528K, used 116040K [0x0000000080000000, 0x0000000100000000)
  region size 1024K, 41 young (41984K), 4 survivors (4096K)
 Metaspace       used 81010K, committed 82880K, reserved 1179648K
  class space    used 11030K, committed 11968K, reserved 1048576K
}
Event: 12.427 GC heap after
{Heap after GC invocations=29 (full 0):
 garbage-first heap   total 181248K, used 79201K [0x0000000080000000, 0x0000000100000000)
  region size 1024K, 3 young (3072K), 3 survivors (3072K)
 Metaspace       used 81010K, committed 82880K, reserved 1179648K
  class space    used 11030K, committed 11968K, reserved 1048576K
}
Event: 13.282 GC heap before
{Heap before GC invocations=29 (full 0):
 garbage-first heap   total 181248K, used 134497K [0x0000000080000000, 0x0000000100000000)
  region size 1024K, 57 young (58368K), 3 survivors (3072K)
 Metaspace       used 86569K, committed 88448K, reserved 1179648K
  class space    used 11751K, committed 12672K, reserved 1048576K
}
Event: 13.286 GC heap after
{Heap after GC invocations=30 (full 0):
 garbage-first heap   total 181248K, used 81338K [0x0000000080000000, 0x0000000100000000)
  region size 1024K, 5 young (5120K), 5 survivors (5120K)
 Metaspace       used 86569K, committed 88448K, reserved 1179648K
  class space    used 11751K, committed 12672K, reserved 1048576K
}
Event: 13.948 GC heap before
{Heap before GC invocations=31 (full 0):
 garbage-first heap   total 181248K, used 142778K [0x0000000080000000, 0x0000000100000000)
  region size 1024K, 62 young (63488K), 5 survivors (5120K)
 Metaspace       used 88561K, committed 90496K, reserved 1179648K
  class space    used 12046K, committed 12992K, reserved 1048576K
}
Event: 13.955 GC heap after
{Heap after GC invocations=32 (full 0):
 garbage-first heap   total 181248K, used 90102K [0x0000000080000000, 0x0000000100000000)
  region size 1024K, 8 young (8192K), 8 survivors (8192K)
 Metaspace       used 88561K, committed 90496K, reserved 1179648K
  class space    used 12046K, committed 12992K, reserved 1048576K
}
Event: 14.652 GC heap before
{Heap before GC invocations=32 (full 0):
 garbage-first heap   total 181248K, used 148470K [0x0000000080000000, 0x0000000100000000)
  region size 1024K, 64 young (65536K), 8 survivors (8192K)
 Metaspace       used 93003K, committed 94912K, reserved 1179648K
  class space    used 12721K, committed 13696K, reserved 1048576K
}
Event: 14.660 GC heap after
{Heap after GC invocations=33 (full 0):
 garbage-first heap   total 181248K, used 91361K [0x0000000080000000, 0x0000000100000000)
  region size 1024K, 3 young (3072K), 3 survivors (3072K)
 Metaspace       used 93003K, committed 94912K, reserved 1179648K
  class space    used 12721K, committed 13696K, reserved 1048576K
}
Event: 15.532 GC heap before
{Heap before GC invocations=33 (full 0):
 garbage-first heap   total 181248K, used 151777K [0x0000000080000000, 0x0000000100000000)
  region size 1024K, 62 young (63488K), 3 survivors (3072K)
 Metaspace       used 97612K, committed 99648K, reserved 1179648K
  class space    used 13469K, committed 14464K, reserved 1048576K
}
Event: 15.537 GC heap after
{Heap after GC invocations=34 (full 0):
 garbage-first heap   total 181248K, used 93522K [0x0000000080000000, 0x0000000100000000)
  region size 1024K, 5 young (5120K), 5 survivors (5120K)
 Metaspace       used 97612K, committed 99648K, reserved 1179648K
  class space    used 13469K, committed 14464K, reserved 1048576K
}
Event: 16.574 GC heap before
{Heap before GC invocations=35 (full 0):
 garbage-first heap   total 181248K, used 154962K [0x0000000080000000, 0x0000000100000000)
  region size 1024K, 65 young (66560K), 5 survivors (5120K)
 Metaspace       used 101866K, committed 104000K, reserved 1179648K
  class space    used 14137K, committed 15232K, reserved 1048576K
}
Event: 16.581 GC heap after
{Heap after GC invocations=36 (full 0):
 garbage-first heap   total 181248K, used 97787K [0x0000000080000000, 0x0000000100000000)
  region size 1024K, 9 young (9216K), 9 survivors (9216K)
 Metaspace       used 101866K, committed 104000K, reserved 1179648K
  class space    used 14137K, committed 15232K, reserved 1048576K
}
Event: 17.546 GC heap before
{Heap before GC invocations=36 (full 0):
 garbage-first heap   total 181248K, used 159227K [0x0000000080000000, 0x0000000100000000)
  region size 1024K, 69 young (70656K), 9 survivors (9216K)
 Metaspace       used 106906K, committed 108992K, reserved 1179648K
  class space    used 14813K, committed 15872K, reserved 1048576K
}
Event: 17.559 GC heap after
{Heap after GC invocations=37 (full 0):
 garbage-first heap   total 181248K, used 100527K [0x0000000080000000, 0x0000000100000000)
  region size 1024K, 9 young (9216K), 9 survivors (9216K)
 Metaspace       used 106906K, committed 108992K, reserved 1179648K
  class space    used 14813K, committed 15872K, reserved 1048576K
}
Event: 18.338 GC heap before
{Heap before GC invocations=37 (full 0):
 garbage-first heap   total 181248K, used 159919K [0x0000000080000000, 0x0000000100000000)
  region size 1024K, 68 young (69632K), 9 survivors (9216K)
 Metaspace       used 109833K, committed 112064K, reserved 1179648K
  class space    used 15247K, committed 16384K, reserved 1048576K
}
Event: 18.352 GC heap after
{Heap after GC invocations=38 (full 0):
 garbage-first heap   total 181248K, used 107807K [0x0000000080000000, 0x0000000100000000)
  region size 1024K, 9 young (9216K), 9 survivors (9216K)
 Metaspace       used 109833K, committed 112064K, reserved 1179648K
  class space    used 15247K, committed 16384K, reserved 1048576K
}

